<?xml version="1.0" encoding="UTF-8"?>
<testsuite xmlns:xsi="http://www.w3.org/2001/XMLSchema-instance" xsi:noNamespaceSchemaLocation="https://maven.apache.org/surefire/maven-surefire-plugin/xsd/surefire-test-report.xsd" name="com.example.AppTest" time="0.022" tests="1" errors="0" skipped="0" failures="0">
  <properties>
    <property name="java.specification.version" value="22"/>
    <property name="sun.cpu.isalist" value="amd64"/>
    <property name="sun.jnu.encoding" value="Cp1252"/>
    <property name="java.class.path" value="C:\Users\LUCCA\java\planoSaude\target\test-classes;C:\Users\LUCCA\java\planoSaude\target\classes;C:\Users\LUCCA\.m2\repository\junit\junit\4.13.2\junit-4.13.2.jar;C:\Users\LUCCA\.m2\repository\org\hamcrest\hamcrest-core\2.2\hamcrest-core-2.2.jar;C:\Users\LUCCA\.m2\repository\org\hamcrest\hamcrest\2.2\hamcrest-2.2.jar;C:\Users\LUCCA\.m2\repository\org\springframework\boot\spring-boot-starter-data-jpa\2.6.4\spring-boot-starter-data-jpa-2.6.4.jar;C:\Users\LUCCA\.m2\repository\org\springframework\boot\spring-boot-starter-aop\2.6.4\spring-boot-starter-aop-2.6.4.jar;C:\Users\LUCCA\.m2\repository\org\springframework\spring-aop\5.3.16\spring-aop-5.3.16.jar;C:\Users\LUCCA\.m2\repository\org\aspectj\aspectjweaver\1.9.7\aspectjweaver-1.9.7.jar;C:\Users\LUCCA\.m2\repository\org\springframework\boot\spring-boot-starter-jdbc\2.6.4\spring-boot-starter-jdbc-2.6.4.jar;C:\Users\LUCCA\.m2\repository\com\zaxxer\HikariCP\4.0.3\HikariCP-4.0.3.jar;C:\Users\LUCCA\.m2\repository\org\springframework\spring-jdbc\5.3.16\spring-jdbc-5.3.16.jar;C:\Users\LUCCA\.m2\repository\jakarta\transaction\jakarta.transaction-api\1.3.3\jakarta.transaction-api-1.3.3.jar;C:\Users\LUCCA\.m2\repository\jakarta\persistence\jakarta.persistence-api\2.2.3\jakarta.persistence-api-2.2.3.jar;C:\Users\LUCCA\.m2\repository\org\hibernate\hibernate-core\5.6.5.Final\hibernate-core-5.6.5.Final.jar;C:\Users\LUCCA\.m2\repository\org\jboss\logging\jboss-logging\3.4.3.Final\jboss-logging-3.4.3.Final.jar;C:\Users\LUCCA\.m2\repository\net\bytebuddy\byte-buddy\1.11.22\byte-buddy-1.11.22.jar;C:\Users\LUCCA\.m2\repository\antlr\antlr\2.7.7\antlr-2.7.7.jar;C:\Users\LUCCA\.m2\repository\org\jboss\jandex\2.4.2.Final\jandex-2.4.2.Final.jar;C:\Users\LUCCA\.m2\repository\com\fasterxml\classmate\1.5.1\classmate-1.5.1.jar;C:\Users\LUCCA\.m2\repository\org\hibernate\common\hibernate-commons-annotations\5.1.2.Final\hibernate-commons-annotations-5.1.2.Final.jar;C:\Users\LUCCA\.m2\repository\org\glassfish\jaxb\jaxb-runtime\2.3.6\jaxb-runtime-2.3.6.jar;C:\Users\LUCCA\.m2\repository\jakarta\xml\bind\jakarta.xml.bind-api\2.3.3\jakarta.xml.bind-api-2.3.3.jar;C:\Users\LUCCA\.m2\repository\org\glassfish\jaxb\txw2\2.3.6\txw2-2.3.6.jar;C:\Users\LUCCA\.m2\repository\com\sun\istack\istack-commons-runtime\3.0.12\istack-commons-runtime-3.0.12.jar;C:\Users\LUCCA\.m2\repository\com\sun\activation\jakarta.activation\1.2.2\jakarta.activation-1.2.2.jar;C:\Users\LUCCA\.m2\repository\org\springframework\data\spring-data-jpa\2.6.2\spring-data-jpa-2.6.2.jar;C:\Users\LUCCA\.m2\repository\org\springframework\data\spring-data-commons\2.6.2\spring-data-commons-2.6.2.jar;C:\Users\LUCCA\.m2\repository\org\springframework\spring-orm\5.3.16\spring-orm-5.3.16.jar;C:\Users\LUCCA\.m2\repository\org\springframework\spring-context\5.3.16\spring-context-5.3.16.jar;C:\Users\LUCCA\.m2\repository\org\springframework\spring-tx\5.3.16\spring-tx-5.3.16.jar;C:\Users\LUCCA\.m2\repository\org\springframework\spring-beans\5.3.16\spring-beans-5.3.16.jar;C:\Users\LUCCA\.m2\repository\org\springframework\spring-core\5.3.16\spring-core-5.3.16.jar;C:\Users\LUCCA\.m2\repository\org\springframework\spring-jcl\5.3.16\spring-jcl-5.3.16.jar;C:\Users\LUCCA\.m2\repository\org\slf4j\slf4j-api\1.7.36\slf4j-api-1.7.36.jar;C:\Users\LUCCA\.m2\repository\org\springframework\spring-aspects\5.3.16\spring-aspects-5.3.16.jar;C:\Users\LUCCA\.m2\repository\org\springframework\boot\spring-boot-starter-web\2.6.4\spring-boot-starter-web-2.6.4.jar;C:\Users\LUCCA\.m2\repository\org\springframework\boot\spring-boot-starter\2.6.4\spring-boot-starter-2.6.4.jar;C:\Users\LUCCA\.m2\repository\org\springframework\boot\spring-boot\2.6.4\spring-boot-2.6.4.jar;C:\Users\LUCCA\.m2\repository\org\springframework\boot\spring-boot-autoconfigure\2.6.4\spring-boot-autoconfigure-2.6.4.jar;C:\Users\LUCCA\.m2\repository\org\springframework\boot\spring-boot-starter-logging\2.6.4\spring-boot-starter-logging-2.6.4.jar;C:\Users\LUCCA\.m2\repository\ch\qos\logback\logback-classic\1.2.10\logback-classic-1.2.10.jar;C:\Users\LUCCA\.m2\repository\ch\qos\logback\logback-core\1.2.10\logback-core-1.2.10.jar;C:\Users\LUCCA\.m2\repository\org\apache\logging\log4j\log4j-to-slf4j\2.17.1\log4j-to-slf4j-2.17.1.jar;C:\Users\LUCCA\.m2\repository\org\apache\logging\log4j\log4j-api\2.17.1\log4j-api-2.17.1.jar;C:\Users\LUCCA\.m2\repository\org\slf4j\jul-to-slf4j\1.7.36\jul-to-slf4j-1.7.36.jar;C:\Users\LUCCA\.m2\repository\jakarta\annotation\jakarta.annotation-api\1.3.5\jakarta.annotation-api-1.3.5.jar;C:\Users\LUCCA\.m2\repository\org\yaml\snakeyaml\1.29\snakeyaml-1.29.jar;C:\Users\LUCCA\.m2\repository\org\springframework\boot\spring-boot-starter-json\2.6.4\spring-boot-starter-json-2.6.4.jar;C:\Users\LUCCA\.m2\repository\com\fasterxml\jackson\core\jackson-databind\2.13.1\jackson-databind-2.13.1.jar;C:\Users\LUCCA\.m2\repository\com\fasterxml\jackson\core\jackson-annotations\2.13.1\jackson-annotations-2.13.1.jar;C:\Users\LUCCA\.m2\repository\com\fasterxml\jackson\core\jackson-core\2.13.1\jackson-core-2.13.1.jar;C:\Users\LUCCA\.m2\repository\com\fasterxml\jackson\datatype\jackson-datatype-jdk8\2.13.1\jackson-datatype-jdk8-2.13.1.jar;C:\Users\LUCCA\.m2\repository\com\fasterxml\jackson\datatype\jackson-datatype-jsr310\2.13.1\jackson-datatype-jsr310-2.13.1.jar;C:\Users\LUCCA\.m2\repository\com\fasterxml\jackson\module\jackson-module-parameter-names\2.13.1\jackson-module-parameter-names-2.13.1.jar;C:\Users\LUCCA\.m2\repository\org\springframework\boot\spring-boot-starter-tomcat\2.6.4\spring-boot-starter-tomcat-2.6.4.jar;C:\Users\LUCCA\.m2\repository\org\apache\tomcat\embed\tomcat-embed-core\9.0.58\tomcat-embed-core-9.0.58.jar;C:\Users\LUCCA\.m2\repository\org\apache\tomcat\embed\tomcat-embed-el\9.0.58\tomcat-embed-el-9.0.58.jar;C:\Users\LUCCA\.m2\repository\org\apache\tomcat\embed\tomcat-embed-websocket\9.0.58\tomcat-embed-websocket-9.0.58.jar;C:\Users\LUCCA\.m2\repository\org\springframework\spring-web\5.3.16\spring-web-5.3.16.jar;C:\Users\LUCCA\.m2\repository\org\springframework\spring-webmvc\5.3.16\spring-webmvc-5.3.16.jar;C:\Users\LUCCA\.m2\repository\org\springframework\spring-expression\5.3.16\spring-expression-5.3.16.jar;C:\Users\LUCCA\.m2\repository\com\h2database\h2\1.4.200\h2-1.4.200.jar;C:\Users\LUCCA\.m2\repository\org\xerial\sqlite-jdbc\3.36.0.3\sqlite-jdbc-3.36.0.3.jar;"/>
    <property name="java.vm.vendor" value="Oracle Corporation"/>
    <property name="sun.arch.data.model" value="64"/>
    <property name="user.variant" value=""/>
    <property name="java.vendor.url" value="https://java.oracle.com/"/>
    <property name="user.timezone" value="America/Sao_Paulo"/>
    <property name="user.country.format" value="BR"/>
    <property name="os.name" value="Windows 11"/>
    <property name="java.vm.specification.version" value="22"/>
    <property name="user.country" value="US"/>
    <property name="sun.java.launcher" value="SUN_STANDARD"/>
    <property name="sun.boot.library.path" value="C:\Program Files\Java\jdk-22\bin"/>
    <property name="sun.java.command" value="C:\Users\LUCCA\AppData\Local\Temp\surefire12310044828317999556\surefirebooter10203448231458676584.jar C:\Users\LUCCA\AppData\Local\Temp\surefire12310044828317999556 2024-04-04T14-35-11_275-jvmRun1 surefire16196964321444544687tmp surefire_07305671384023688699tmp"/>
    <property name="jdk.debug" value="release"/>
    <property name="surefire.test.class.path" value="C:\Users\LUCCA\java\planoSaude\target\test-classes;C:\Users\LUCCA\java\planoSaude\target\classes;C:\Users\LUCCA\.m2\repository\junit\junit\4.13.2\junit-4.13.2.jar;C:\Users\LUCCA\.m2\repository\org\hamcrest\hamcrest-core\2.2\hamcrest-core-2.2.jar;C:\Users\LUCCA\.m2\repository\org\hamcrest\hamcrest\2.2\hamcrest-2.2.jar;C:\Users\LUCCA\.m2\repository\org\springframework\boot\spring-boot-starter-data-jpa\2.6.4\spring-boot-starter-data-jpa-2.6.4.jar;C:\Users\LUCCA\.m2\repository\org\springframework\boot\spring-boot-starter-aop\2.6.4\spring-boot-starter-aop-2.6.4.jar;C:\Users\LUCCA\.m2\repository\org\springframework\spring-aop\5.3.16\spring-aop-5.3.16.jar;C:\Users\LUCCA\.m2\repository\org\aspectj\aspectjweaver\1.9.7\aspectjweaver-1.9.7.jar;C:\Users\LUCCA\.m2\repository\org\springframework\boot\spring-boot-starter-jdbc\2.6.4\spring-boot-starter-jdbc-2.6.4.jar;C:\Users\LUCCA\.m2\repository\com\zaxxer\HikariCP\4.0.3\HikariCP-4.0.3.jar;C:\Users\LUCCA\.m2\repository\org\springframework\spring-jdbc\5.3.16\spring-jdbc-5.3.16.jar;C:\Users\LUCCA\.m2\repository\jakarta\transaction\jakarta.transaction-api\1.3.3\jakarta.transaction-api-1.3.3.jar;C:\Users\LUCCA\.m2\repository\jakarta\persistence\jakarta.persistence-api\2.2.3\jakarta.persistence-api-2.2.3.jar;C:\Users\LUCCA\.m2\repository\org\hibernate\hibernate-core\5.6.5.Final\hibernate-core-5.6.5.Final.jar;C:\Users\LUCCA\.m2\repository\org\jboss\logging\jboss-logging\3.4.3.Final\jboss-logging-3.4.3.Final.jar;C:\Users\LUCCA\.m2\repository\net\bytebuddy\byte-buddy\1.11.22\byte-buddy-1.11.22.jar;C:\Users\LUCCA\.m2\repository\antlr\antlr\2.7.7\antlr-2.7.7.jar;C:\Users\LUCCA\.m2\repository\org\jboss\jandex\2.4.2.Final\jandex-2.4.2.Final.jar;C:\Users\LUCCA\.m2\repository\com\fasterxml\classmate\1.5.1\classmate-1.5.1.jar;C:\Users\LUCCA\.m2\repository\org\hibernate\common\hibernate-commons-annotations\5.1.2.Final\hibernate-commons-annotations-5.1.2.Final.jar;C:\Users\LUCCA\.m2\repository\org\glassfish\jaxb\jaxb-runtime\2.3.6\jaxb-runtime-2.3.6.jar;C:\Users\LUCCA\.m2\repository\jakarta\xml\bind\jakarta.xml.bind-api\2.3.3\jakarta.xml.bind-api-2.3.3.jar;C:\Users\LUCCA\.m2\repository\org\glassfish\jaxb\txw2\2.3.6\txw2-2.3.6.jar;C:\Users\LUCCA\.m2\repository\com\sun\istack\istack-commons-runtime\3.0.12\istack-commons-runtime-3.0.12.jar;C:\Users\LUCCA\.m2\repository\com\sun\activation\jakarta.activation\1.2.2\jakarta.activation-1.2.2.jar;C:\Users\LUCCA\.m2\repository\org\springframework\data\spring-data-jpa\2.6.2\spring-data-jpa-2.6.2.jar;C:\Users\LUCCA\.m2\repository\org\springframework\data\spring-data-commons\2.6.2\spring-data-commons-2.6.2.jar;C:\Users\LUCCA\.m2\repository\org\springframework\spring-orm\5.3.16\spring-orm-5.3.16.jar;C:\Users\LUCCA\.m2\repository\org\springframework\spring-context\5.3.16\spring-context-5.3.16.jar;C:\Users\LUCCA\.m2\repository\org\springframework\spring-tx\5.3.16\spring-tx-5.3.16.jar;C:\Users\LUCCA\.m2\repository\org\springframework\spring-beans\5.3.16\spring-beans-5.3.16.jar;C:\Users\LUCCA\.m2\repository\org\springframework\spring-core\5.3.16\spring-core-5.3.16.jar;C:\Users\LUCCA\.m2\repository\org\springframework\spring-jcl\5.3.16\spring-jcl-5.3.16.jar;C:\Users\LUCCA\.m2\repository\org\slf4j\slf4j-api\1.7.36\slf4j-api-1.7.36.jar;C:\Users\LUCCA\.m2\repository\org\springframework\spring-aspects\5.3.16\spring-aspects-5.3.16.jar;C:\Users\LUCCA\.m2\repository\org\springframework\boot\spring-boot-starter-web\2.6.4\spring-boot-starter-web-2.6.4.jar;C:\Users\LUCCA\.m2\repository\org\springframework\boot\spring-boot-starter\2.6.4\spring-boot-starter-2.6.4.jar;C:\Users\LUCCA\.m2\repository\org\springframework\boot\spring-boot\2.6.4\spring-boot-2.6.4.jar;C:\Users\LUCCA\.m2\repository\org\springframework\boot\spring-boot-autoconfigure\2.6.4\spring-boot-autoconfigure-2.6.4.jar;C:\Users\LUCCA\.m2\repository\org\springframework\boot\spring-boot-starter-logging\2.6.4\spring-boot-starter-logging-2.6.4.jar;C:\Users\LUCCA\.m2\repository\ch\qos\logback\logback-classic\1.2.10\logback-classic-1.2.10.jar;C:\Users\LUCCA\.m2\repository\ch\qos\logback\logback-core\1.2.10\logback-core-1.2.10.jar;C:\Users\LUCCA\.m2\repository\org\apache\logging\log4j\log4j-to-slf4j\2.17.1\log4j-to-slf4j-2.17.1.jar;C:\Users\LUCCA\.m2\repository\org\apache\logging\log4j\log4j-api\2.17.1\log4j-api-2.17.1.jar;C:\Users\LUCCA\.m2\repository\org\slf4j\jul-to-slf4j\1.7.36\jul-to-slf4j-1.7.36.jar;C:\Users\LUCCA\.m2\repository\jakarta\annotation\jakarta.annotation-api\1.3.5\jakarta.annotation-api-1.3.5.jar;C:\Users\LUCCA\.m2\repository\org\yaml\snakeyaml\1.29\snakeyaml-1.29.jar;C:\Users\LUCCA\.m2\repository\org\springframework\boot\spring-boot-starter-json\2.6.4\spring-boot-starter-json-2.6.4.jar;C:\Users\LUCCA\.m2\repository\com\fasterxml\jackson\core\jackson-databind\2.13.1\jackson-databind-2.13.1.jar;C:\Users\LUCCA\.m2\repository\com\fasterxml\jackson\core\jackson-annotations\2.13.1\jackson-annotations-2.13.1.jar;C:\Users\LUCCA\.m2\repository\com\fasterxml\jackson\core\jackson-core\2.13.1\jackson-core-2.13.1.jar;C:\Users\LUCCA\.m2\repository\com\fasterxml\jackson\datatype\jackson-datatype-jdk8\2.13.1\jackson-datatype-jdk8-2.13.1.jar;C:\Users\LUCCA\.m2\repository\com\fasterxml\jackson\datatype\jackson-datatype-jsr310\2.13.1\jackson-datatype-jsr310-2.13.1.jar;C:\Users\LUCCA\.m2\repository\com\fasterxml\jackson\module\jackson-module-parameter-names\2.13.1\jackson-module-parameter-names-2.13.1.jar;C:\Users\LUCCA\.m2\repository\org\springframework\boot\spring-boot-starter-tomcat\2.6.4\spring-boot-starter-tomcat-2.6.4.jar;C:\Users\LUCCA\.m2\repository\org\apache\tomcat\embed\tomcat-embed-core\9.0.58\tomcat-embed-core-9.0.58.jar;C:\Users\LUCCA\.m2\repository\org\apache\tomcat\embed\tomcat-embed-el\9.0.58\tomcat-embed-el-9.0.58.jar;C:\Users\LUCCA\.m2\repository\org\apache\tomcat\embed\tomcat-embed-websocket\9.0.58\tomcat-embed-websocket-9.0.58.jar;C:\Users\LUCCA\.m2\repository\org\springframework\spring-web\5.3.16\spring-web-5.3.16.jar;C:\Users\LUCCA\.m2\repository\org\springframework\spring-webmvc\5.3.16\spring-webmvc-5.3.16.jar;C:\Users\LUCCA\.m2\repository\org\springframework\spring-expression\5.3.16\spring-expression-5.3.16.jar;C:\Users\LUCCA\.m2\repository\com\h2database\h2\1.4.200\h2-1.4.200.jar;C:\Users\LUCCA\.m2\repository\org\xerial\sqlite-jdbc\3.36.0.3\sqlite-jdbc-3.36.0.3.jar;"/>
    <property name="sun.cpu.endian" value="little"/>
    <property name="user.home" value="C:\Users\LUCCA"/>
    <property name="user.language" value="en"/>
    <property name="java.specification.vendor" value="Oracle Corporation"/>
    <property name="java.version.date" value="2024-03-19"/>
    <property name="java.home" value="C:\Program Files\Java\jdk-22"/>
    <property name="file.separator" value="\"/>
    <property name="basedir" value="C:\Users\LUCCA\java\planoSaude"/>
    <property name="java.vm.compressedOopsMode" value="Zero based"/>
    <property name="line.separator" value="&#10;"/>
    <property name="java.vm.specification.vendor" value="Oracle Corporation"/>
    <property name="java.specification.name" value="Java Platform API Specification"/>
    <property name="surefire.real.class.path" value="C:\Users\LUCCA\AppData\Local\Temp\surefire12310044828317999556\surefirebooter10203448231458676584.jar"/>
    <property name="user.script" value=""/>
    <property name="sun.management.compiler" value="HotSpot 64-Bit Tiered Compilers"/>
    <property name="java.runtime.version" value="22+36-2370"/>
    <property name="user.name" value="LUCCA"/>
    <property name="stdout.encoding" value="Cp1252"/>
    <property name="path.separator" value=";"/>
    <property name="os.version" value="10.0"/>
    <property name="java.runtime.name" value="Java(TM) SE Runtime Environment"/>
    <property name="file.encoding" value="UTF-8"/>
    <property name="java.vm.name" value="Java HotSpot(TM) 64-Bit Server VM"/>
    <property name="maven.ext.class.path" value="C:\Program Files\NetBeans-21\netbeans\java\maven-nblib\netbeans-eventspy.jar"/>
    <property name="localRepository" value="C:\Users\LUCCA\.m2\repository"/>
    <property name="java.vendor.url.bug" value="https://bugreport.java.com/bugreport/"/>
    <property name="java.io.tmpdir" value="C:\Users\LUCCA\AppData\Local\Temp\"/>
    <property name="java.version" value="22"/>
    <property name="user.dir" value="C:\Users\LUCCA\java\planoSaude"/>
    <property name="os.arch" value="amd64"/>
    <property name="java.vm.specification.name" value="Java Virtual Machine Specification"/>
    <property name="user.language.format" value="pt"/>
    <property name="sun.os.patch.level" value=""/>
    <property name="native.encoding" value="Cp1252"/>
    <property name="java.library.path" value="C:\Program Files\Java\jdk-22\bin;C:\WINDOWS\Sun\Java\bin;C:\WINDOWS\system32;C:\WINDOWS;C:\Program Files\Microsoft\jdk-11.0.16.101-hotspot\bin;C:\Program Files\Common Files\Oracle\Java\javapath;C:\windows\system32;C:\windows;C:\windows\System32\Wbem;C:\windows\System32\WindowsPowerShell\v1.0\;C:\windows\System32\OpenSSH\;C:\Program Files (x86)\NVIDIA Corporation\PhysX\Common;C:\Program Files\NVIDIA Corporation\NVIDIA NvDLISR;C:\WINDOWS\system32;C:\WINDOWS;C:\WINDOWS\System32\Wbem;C:\WINDOWS\System32\WindowsPowerShell\v1.0\;C:\WINDOWS\System32\OpenSSH\;C:\Program Files\Microsoft SQL Server\150\Tools\Binn\;C:\Program Files\Microsoft SQL Server\Client SDK\ODBC\170\Tools\Binn\;C:\Program Files\Git\cmd;C:\Program Files (x86)\Microsoft SQL Server\160\Tools\Binn\;C:\Program Files\Microsoft SQL Server\160\Tools\Binn\;C:\Program Files\Microsoft SQL Server\160\DTS\Binn\;C:\Program Files (x86)\Microsoft SQL Server\160\DTS\Binn\;C:\Program Files\Azure Data Studio\bin;C:\Program Files\dotnet\;C:\Program Files\Docker\Docker\resources\bin;C:\Program Files\PuTTY\;C:\Program Files\nodejs\;C:\Users\LUCCA\Downloads\apache-maven-3.9.6-bin\apache-maven-3.9.6\bin;C:\Users\LUCCA\AppData\Local\Programs\Python\Python312\Scripts\;C:\Users\LUCCA\AppData\Local\Programs\Python\Python312\;C:\Users\LUCCA\AppData\Local\Programs\Python\Launcher\;C:\Users\LUCCA\AppData\Local\Microsoft\WindowsApps;C:\Users\LUCCA\.dotnet\tools;C:\Program Files\JetBrains\IntelliJ IDEA Community Edition 2022.3.1\bin;C:\Users\LUCCA\AppData\Local\Programs\Microsoft VS Code\bin;C:\Program Files\Azure Data Studio\bin;C:\Users\LUCCA\.dotnet\tools;C:\Users\LUCCA\AppData\Local\GitHubDesktop\bin;C:\Program Files (x86)\Brackets\;C:\Users\LUCCA\.dotnet\tools;C:\Users\LUCCA\AppData\Roaming\npm;C:\Program Files\JetBrains\IntelliJ IDEA 2023.3.6\bin;;."/>
    <property name="java.vm.info" value="mixed mode, sharing"/>
    <property name="stderr.encoding" value="Cp1252"/>
    <property name="java.vendor" value="Oracle Corporation"/>
    <property name="java.vm.version" value="22+36-2370"/>
    <property name="sun.io.unicode.encoding" value="UnicodeLittle"/>
    <property name="java.class.version" value="66.0"/>
  </properties>
  <testcase name="testApp" classname="com.example.AppTest" time="0.003"/>
</testsuite>